<?xml version="1.0" encoding="UTF-8"?>
<testsuite xmlns:xsi="http://www.w3.org/2001/XMLSchema-instance" xsi:noNamespaceSchemaLocation="https://maven.apache.org/surefire/maven-surefire-plugin/xsd/surefire-test-report-3.0.xsd" version="3.0" name="ClickUpAPI.testRunner.TestRunner" time="4.129" tests="1" errors="0" skipped="0" failures="0">
  <properties>
    <property name="java.specification.version" value="21"/>
    <property name="sun.jnu.encoding" value="UTF-8"/>
    <property name="java.class.path" value="/Users/kristeljuurik/Documents/REST_API_Final_Task/Clickup_API_final/target/test-classes:/Users/kristeljuurik/Documents/REST_API_Final_Task/Clickup_API_final/target/classes:/Users/kristeljuurik/.m2/repository/junit/junit/4.13.1/junit-4.13.1.jar:/Users/kristeljuurik/.m2/repository/org/hamcrest/hamcrest-core/1.3/hamcrest-core-1.3.jar:/Users/kristeljuurik/.m2/repository/io/cucumber/cucumber-java/7.2.3/cucumber-java-7.2.3.jar:/Users/kristeljuurik/.m2/repository/io/cucumber/cucumber-core/7.2.3/cucumber-core-7.2.3.jar:/Users/kristeljuurik/.m2/repository/io/cucumber/cucumber-gherkin/7.2.3/cucumber-gherkin-7.2.3.jar:/Users/kristeljuurik/.m2/repository/io/cucumber/cucumber-gherkin-messages/7.2.3/cucumber-gherkin-messages-7.2.3.jar:/Users/kristeljuurik/.m2/repository/io/cucumber/messages/17.1.1/messages-17.1.1.jar:/Users/kristeljuurik/.m2/repository/io/cucumber/tag-expressions/4.1.0/tag-expressions-4.1.0.jar:/Users/kristeljuurik/.m2/repository/io/cucumber/cucumber-expressions/15.0.1/cucumber-expressions-15.0.1.jar:/Users/kristeljuurik/.m2/repository/io/cucumber/datatable/7.2.3/datatable-7.2.3.jar:/Users/kristeljuurik/.m2/repository/io/cucumber/cucumber-plugin/7.2.3/cucumber-plugin-7.2.3.jar:/Users/kristeljuurik/.m2/repository/io/cucumber/docstring/7.2.3/docstring-7.2.3.jar:/Users/kristeljuurik/.m2/repository/io/cucumber/html-formatter/17.0.0/html-formatter-17.0.0.jar:/Users/kristeljuurik/.m2/repository/io/cucumber/ci-environment/8.1.0/ci-environment-8.1.0.jar:/Users/kristeljuurik/.m2/repository/org/apiguardian/apiguardian-api/1.1.2/apiguardian-api-1.1.2.jar:/Users/kristeljuurik/.m2/repository/io/cucumber/cucumber-junit/7.2.3/cucumber-junit-7.2.3.jar:/Users/kristeljuurik/.m2/repository/io/cucumber/gherkin/5.0.0/gherkin-5.0.0.jar:/Users/kristeljuurik/.m2/repository/io/cucumber/gherkin-jvm-deps/1.0.4/gherkin-jvm-deps-1.0.4.jar:/Users/kristeljuurik/.m2/repository/io/rest-assured/rest-assured/4.3.3/rest-assured-4.3.3.jar:/Users/kristeljuurik/.m2/repository/org/codehaus/groovy/groovy/3.0.7/groovy-3.0.7.jar:/Users/kristeljuurik/.m2/repository/org/codehaus/groovy/groovy-xml/3.0.7/groovy-xml-3.0.7.jar:/Users/kristeljuurik/.m2/repository/org/apache/httpcomponents/httpclient/4.5.3/httpclient-4.5.3.jar:/Users/kristeljuurik/.m2/repository/org/apache/httpcomponents/httpcore/4.4.6/httpcore-4.4.6.jar:/Users/kristeljuurik/.m2/repository/commons-logging/commons-logging/1.2/commons-logging-1.2.jar:/Users/kristeljuurik/.m2/repository/commons-codec/commons-codec/1.9/commons-codec-1.9.jar:/Users/kristeljuurik/.m2/repository/org/apache/httpcomponents/httpmime/4.5.3/httpmime-4.5.3.jar:/Users/kristeljuurik/.m2/repository/org/hamcrest/hamcrest/2.1/hamcrest-2.1.jar:/Users/kristeljuurik/.m2/repository/org/ccil/cowan/tagsoup/tagsoup/1.2.1/tagsoup-1.2.1.jar:/Users/kristeljuurik/.m2/repository/io/rest-assured/json-path/4.3.3/json-path-4.3.3.jar:/Users/kristeljuurik/.m2/repository/org/codehaus/groovy/groovy-json/3.0.7/groovy-json-3.0.7.jar:/Users/kristeljuurik/.m2/repository/io/rest-assured/rest-assured-common/4.3.3/rest-assured-common-4.3.3.jar:/Users/kristeljuurik/.m2/repository/io/rest-assured/xml-path/4.3.3/xml-path-4.3.3.jar:/Users/kristeljuurik/.m2/repository/org/apache/commons/commons-lang3/3.11/commons-lang3-3.11.jar:/Users/kristeljuurik/.m2/repository/jakarta/xml/bind/jakarta.xml.bind-api/2.3.3/jakarta.xml.bind-api-2.3.3.jar:/Users/kristeljuurik/.m2/repository/jakarta/activation/jakarta.activation-api/1.2.2/jakarta.activation-api-1.2.2.jar:/Users/kristeljuurik/.m2/repository/com/sun/xml/bind/jaxb-impl/2.3.3/jaxb-impl-2.3.3.jar:/Users/kristeljuurik/.m2/repository/com/fasterxml/jackson/core/jackson-databind/2.12.7.1/jackson-databind-2.12.7.1.jar:/Users/kristeljuurik/.m2/repository/com/fasterxml/jackson/core/jackson-annotations/2.12.7/jackson-annotations-2.12.7.jar:/Users/kristeljuurik/.m2/repository/com/fasterxml/jackson/core/jackson-core/2.12.7/jackson-core-2.12.7.jar:/Users/kristeljuurik/.m2/repository/org/assertj/assertj-core/3.10.0/assertj-core-3.10.0.jar:/Users/kristeljuurik/.m2/repository/org/projectlombok/lombok/1.18.30/lombok-1.18.30.jar:/Users/kristeljuurik/.m2/repository/com/googlecode/json-simple/json-simple/1.1.1/json-simple-1.1.1.jar:/Users/kristeljuurik/.m2/repository/org/jetbrains/annotations/24.0.1/annotations-24.0.1.jar:"/>
    <property name="java.vm.vendor" value="Oracle Corporation"/>
    <property name="sun.arch.data.model" value="64"/>
    <property name="java.vendor.url" value="https://java.oracle.com/"/>
    <property name="os.name" value="Mac OS X"/>
    <property name="java.vm.specification.version" value="21"/>
    <property name="sun.java.launcher" value="SUN_STANDARD"/>
    <property name="user.country" value="EE"/>
    <property name="sun.boot.library.path" value="/Library/Java/JavaVirtualMachines/jdk-21.jdk/Contents/Home/lib"/>
    <property name="sun.java.command" value="/Users/kristeljuurik/Documents/REST_API_Final_Task/Clickup_API_final/target/surefire/surefirebooter-20231104171619225_3.jar /Users/kristeljuurik/Documents/REST_API_Final_Task/Clickup_API_final/target/surefire 2023-11-04T17-16-19_175-jvmRun1 surefire-20231104171619225_1tmp surefire_0-20231104171619225_2tmp"/>
    <property name="http.nonProxyHosts" value="local|*.local|169.254/16|*.169.254/16"/>
    <property name="jdk.debug" value="release"/>
    <property name="surefire.test.class.path" value="/Users/kristeljuurik/Documents/REST_API_Final_Task/Clickup_API_final/target/test-classes:/Users/kristeljuurik/Documents/REST_API_Final_Task/Clickup_API_final/target/classes:/Users/kristeljuurik/.m2/repository/junit/junit/4.13.1/junit-4.13.1.jar:/Users/kristeljuurik/.m2/repository/org/hamcrest/hamcrest-core/1.3/hamcrest-core-1.3.jar:/Users/kristeljuurik/.m2/repository/io/cucumber/cucumber-java/7.2.3/cucumber-java-7.2.3.jar:/Users/kristeljuurik/.m2/repository/io/cucumber/cucumber-core/7.2.3/cucumber-core-7.2.3.jar:/Users/kristeljuurik/.m2/repository/io/cucumber/cucumber-gherkin/7.2.3/cucumber-gherkin-7.2.3.jar:/Users/kristeljuurik/.m2/repository/io/cucumber/cucumber-gherkin-messages/7.2.3/cucumber-gherkin-messages-7.2.3.jar:/Users/kristeljuurik/.m2/repository/io/cucumber/messages/17.1.1/messages-17.1.1.jar:/Users/kristeljuurik/.m2/repository/io/cucumber/tag-expressions/4.1.0/tag-expressions-4.1.0.jar:/Users/kristeljuurik/.m2/repository/io/cucumber/cucumber-expressions/15.0.1/cucumber-expressions-15.0.1.jar:/Users/kristeljuurik/.m2/repository/io/cucumber/datatable/7.2.3/datatable-7.2.3.jar:/Users/kristeljuurik/.m2/repository/io/cucumber/cucumber-plugin/7.2.3/cucumber-plugin-7.2.3.jar:/Users/kristeljuurik/.m2/repository/io/cucumber/docstring/7.2.3/docstring-7.2.3.jar:/Users/kristeljuurik/.m2/repository/io/cucumber/html-formatter/17.0.0/html-formatter-17.0.0.jar:/Users/kristeljuurik/.m2/repository/io/cucumber/ci-environment/8.1.0/ci-environment-8.1.0.jar:/Users/kristeljuurik/.m2/repository/org/apiguardian/apiguardian-api/1.1.2/apiguardian-api-1.1.2.jar:/Users/kristeljuurik/.m2/repository/io/cucumber/cucumber-junit/7.2.3/cucumber-junit-7.2.3.jar:/Users/kristeljuurik/.m2/repository/io/cucumber/gherkin/5.0.0/gherkin-5.0.0.jar:/Users/kristeljuurik/.m2/repository/io/cucumber/gherkin-jvm-deps/1.0.4/gherkin-jvm-deps-1.0.4.jar:/Users/kristeljuurik/.m2/repository/io/rest-assured/rest-assured/4.3.3/rest-assured-4.3.3.jar:/Users/kristeljuurik/.m2/repository/org/codehaus/groovy/groovy/3.0.7/groovy-3.0.7.jar:/Users/kristeljuurik/.m2/repository/org/codehaus/groovy/groovy-xml/3.0.7/groovy-xml-3.0.7.jar:/Users/kristeljuurik/.m2/repository/org/apache/httpcomponents/httpclient/4.5.3/httpclient-4.5.3.jar:/Users/kristeljuurik/.m2/repository/org/apache/httpcomponents/httpcore/4.4.6/httpcore-4.4.6.jar:/Users/kristeljuurik/.m2/repository/commons-logging/commons-logging/1.2/commons-logging-1.2.jar:/Users/kristeljuurik/.m2/repository/commons-codec/commons-codec/1.9/commons-codec-1.9.jar:/Users/kristeljuurik/.m2/repository/org/apache/httpcomponents/httpmime/4.5.3/httpmime-4.5.3.jar:/Users/kristeljuurik/.m2/repository/org/hamcrest/hamcrest/2.1/hamcrest-2.1.jar:/Users/kristeljuurik/.m2/repository/org/ccil/cowan/tagsoup/tagsoup/1.2.1/tagsoup-1.2.1.jar:/Users/kristeljuurik/.m2/repository/io/rest-assured/json-path/4.3.3/json-path-4.3.3.jar:/Users/kristeljuurik/.m2/repository/org/codehaus/groovy/groovy-json/3.0.7/groovy-json-3.0.7.jar:/Users/kristeljuurik/.m2/repository/io/rest-assured/rest-assured-common/4.3.3/rest-assured-common-4.3.3.jar:/Users/kristeljuurik/.m2/repository/io/rest-assured/xml-path/4.3.3/xml-path-4.3.3.jar:/Users/kristeljuurik/.m2/repository/org/apache/commons/commons-lang3/3.11/commons-lang3-3.11.jar:/Users/kristeljuurik/.m2/repository/jakarta/xml/bind/jakarta.xml.bind-api/2.3.3/jakarta.xml.bind-api-2.3.3.jar:/Users/kristeljuurik/.m2/repository/jakarta/activation/jakarta.activation-api/1.2.2/jakarta.activation-api-1.2.2.jar:/Users/kristeljuurik/.m2/repository/com/sun/xml/bind/jaxb-impl/2.3.3/jaxb-impl-2.3.3.jar:/Users/kristeljuurik/.m2/repository/com/fasterxml/jackson/core/jackson-databind/2.12.7.1/jackson-databind-2.12.7.1.jar:/Users/kristeljuurik/.m2/repository/com/fasterxml/jackson/core/jackson-annotations/2.12.7/jackson-annotations-2.12.7.jar:/Users/kristeljuurik/.m2/repository/com/fasterxml/jackson/core/jackson-core/2.12.7/jackson-core-2.12.7.jar:/Users/kristeljuurik/.m2/repository/org/assertj/assertj-core/3.10.0/assertj-core-3.10.0.jar:/Users/kristeljuurik/.m2/repository/org/projectlombok/lombok/1.18.30/lombok-1.18.30.jar:/Users/kristeljuurik/.m2/repository/com/googlecode/json-simple/json-simple/1.1.1/json-simple-1.1.1.jar:/Users/kristeljuurik/.m2/repository/org/jetbrains/annotations/24.0.1/annotations-24.0.1.jar:"/>
    <property name="sun.cpu.endian" value="little"/>
    <property name="user.home" value="/Users/kristeljuurik"/>
    <property name="user.language" value="en"/>
    <property name="java.specification.vendor" value="Oracle Corporation"/>
    <property name="java.version.date" value="2023-10-17"/>
    <property name="java.home" value="/Library/Java/JavaVirtualMachines/jdk-21.jdk/Contents/Home"/>
    <property name="file.separator" value="/"/>
    <property name="basedir" value="/Users/kristeljuurik/Documents/REST_API_Final_Task/Clickup_API_final"/>
    <property name="java.vm.compressedOopsMode" value="Zero based"/>
    <property name="line.separator" value="&#10;"/>
    <property name="java.vm.specification.vendor" value="Oracle Corporation"/>
    <property name="java.specification.name" value="Java Platform API Specification"/>
    <property name="apple.awt.application.name" value="ForkedBooter"/>
    <property name="surefire.real.class.path" value="/Users/kristeljuurik/Documents/REST_API_Final_Task/Clickup_API_final/target/surefire/surefirebooter-20231104171619225_3.jar"/>
    <property name="sun.management.compiler" value="HotSpot 64-Bit Tiered Compilers"/>
    <property name="ftp.nonProxyHosts" value="local|*.local|169.254/16|*.169.254/16"/>
    <property name="java.runtime.version" value="21.0.1+12-LTS-29"/>
    <property name="user.name" value="kristeljuurik"/>
    <property name="stdout.encoding" value="UTF-8"/>
    <property name="path.separator" value=":"/>
    <property name="os.version" value="13.3.1"/>
    <property name="java.runtime.name" value="Java(TM) SE Runtime Environment"/>
    <property name="file.encoding" value="UTF-8"/>
    <property name="java.vm.name" value="Java HotSpot(TM) 64-Bit Server VM"/>
    <property name="localRepository" value="/Users/kristeljuurik/.m2/repository"/>
    <property name="java.vendor.url.bug" value="https://bugreport.java.com/bugreport/"/>
    <property name="java.io.tmpdir" value="/var/folders/r1/kdk420xs4pd6929dvkz6qjbm0000gn/T/"/>
    <property name="idea.version" value="2023.2.3"/>
    <property name="java.version" value="21.0.1"/>
    <property name="user.dir" value="/Users/kristeljuurik/Documents/REST_API_Final_Task/Clickup_API_final"/>
    <property name="os.arch" value="aarch64"/>
    <property name="java.vm.specification.name" value="Java Virtual Machine Specification"/>
    <property name="native.encoding" value="UTF-8"/>
    <property name="java.library.path" value="/Users/kristeljuurik/Library/Java/Extensions:/Library/Java/Extensions:/Network/Library/Java/Extensions:/System/Library/Java/Extensions:/usr/lib/java:."/>
    <property name="java.vm.info" value="mixed mode, sharing"/>
    <property name="stderr.encoding" value="UTF-8"/>
    <property name="java.vendor" value="Oracle Corporation"/>
    <property name="java.vm.version" value="21.0.1+12-LTS-29"/>
    <property name="sun.io.unicode.encoding" value="UnicodeBig"/>
    <property name="socksNonProxyHosts" value="local|*.local|169.254/16|*.169.254/16"/>
    <property name="java.class.version" value="65.0"/>
  </properties>
  <testcase name="Create a new Folder, List, and Task, and delete the Task" classname="ClickUp Features tests" time="3.992">
    <system-out><![CDATA[
Scenario: Create a new Folder, List, and Task, and delete the Task &amp#27;[90m# src/test/resources/features/ClickUp.feature:3&amp#27;[0m
HTTP/1.1 200 OK
Date: Sat, 04 Nov 2023 15:16:20 GMT
Content-Type: application/json; charset=utf-8
Transfer-Encoding: chunked
Connection: keep-alive
Server: nginx
x-dns-prefetch-control: off
expect-ct: max-age=0
strict-transport-security: max-age=31536000; includeSubDomains
x-download-options: noopen
x-content-type-options: nosniff
x-permitted-cross-domain-policies: none
x-xss-protection: 0
access-control-allow-origin: *
access-control-allow-credentials: true
content-language: en-US
x-datadog-trace-id: 806983571677622678
content-security-policy: frame-ancestors 'self'
cache-control: no-cache, no-store
pragma: no-cache
expires: 0
x-ratelimit-limit: 100
x-ratelimit-remaining: 99
x-ratelimit-reset: 1699111041
Timing-Allow-Origin: *
content-encoding: gzip
x-received-from: shard-prod-eu-west-1-3

{
    "id": "90150394541",
    "name": "API Tests",
    "orderindex": 1,
    "override_statuses": false,
    "hidden": false,
    "space": {
        "id": "90150266230",
        "name": "TestSpace",
        "access": true
    },
    "task_count": "0",
    "archived": false,
    "statuses": [
        
    ],
    "lists": [
        
    ],
    "permission_level": "create"
}
  &amp#27;[32mGiven &amp#27;[0m&amp#27;[32mI create a ClickUp folder called &amp#27;[0m&amp#27;[32m&amp#27;[1m"API Tests"&amp#27;[0m               &amp#27;[90m# ClickUpAPI.stepDefinitions.ClickUpSteps.iCreateAClickUpFolderCalled(java.lang.String)&amp#27;[0m
HTTP/1.1 200 OK
Date: Sat, 04 Nov 2023 15:16:21 GMT
Content-Type: application/json; charset=utf-8
Transfer-Encoding: chunked
Connection: keep-alive
Server: nginx
x-dns-prefetch-control: off
expect-ct: max-age=0
strict-transport-security: max-age=31536000; includeSubDomains
x-download-options: noopen
x-content-type-options: nosniff
x-permitted-cross-domain-policies: none
x-xss-protection: 0
access-control-allow-origin: *
access-control-allow-credentials: true
content-language: en-US
x-datadog-trace-id: 5264367663860688940
content-security-policy: frame-ancestors 'self'
cache-control: no-cache, no-store
pragma: no-cache
expires: 0
x-ratelimit-limit: 100
x-ratelimit-remaining: 98
x-ratelimit-reset: 1699111041
Timing-Allow-Origin: *
content-encoding: gzip
x-received-from: shard-prod-eu-west-1-3

{
    "id": "901500704534",
    "name": "API List",
    "deleted": false,
    "orderindex": 0,
    "content": "",
    "priority": null,
    "assignee": null,
    "due_date": null,
    "start_date": null,
    "folder": {
        "id": "90150394541",
        "name": "API Tests",
        "hidden": false,
        "access": true
    },
    "space": {
        "id": "90150266230",
        "name": "TestSpace",
        "access": true
    },
    "inbound_address": "a.t.901500704534.u-56594429.0d4600d3-edc9-4185-8d7a-f05962d5c919@tasks.clickup.com",
    "archived": false,
    "override_statuses": false,
    "statuses": [
        {
            "id": "p90150266230_QsdOX8zZ",
            "status": "to do",
            "orderindex": 0,
            "color": "#87909e",
            "type": "open"
        },
        {
            "id": "p90150266230_S1l118bj",
            "status": "complete",
            "orderindex": 1,
            "color": "#008844",
            "type": "closed"
        }
    ],
    "permission_level": "create"
}
  &amp#27;[32mAnd &amp#27;[0m&amp#27;[32mI create a new list in the created folder&amp#27;[0m                    &amp#27;[90m# ClickUpAPI.stepDefinitions.ClickUpSteps.iCreateANewListInTheCreatedFolder()&amp#27;[0m
  &amp#27;[32mThen &amp#27;[0m&amp#27;[32mThe correct list is added to the correct folder&amp#27;[0m             &amp#27;[90m# ClickUpAPI.stepDefinitions.ClickUpSteps.theCorrectListIsAddedToTheCorrectFolder()&amp#27;[0m
HTTP/1.1 200 OK
Date: Sat, 04 Nov 2023 15:16:22 GMT
Content-Type: application/json; charset=utf-8
Transfer-Encoding: chunked
Connection: keep-alive
Server: nginx
x-dns-prefetch-control: off
expect-ct: max-age=0
strict-transport-security: max-age=31536000; includeSubDomains
x-download-options: noopen
x-content-type-options: nosniff
x-permitted-cross-domain-policies: none
x-xss-protection: 0
access-control-allow-origin: *
access-control-allow-credentials: true
content-language: en-US
x-datadog-trace-id: 2835241780565731009
content-security-policy: frame-ancestors 'self'
cache-control: no-cache, no-store
pragma: no-cache
expires: 0
x-ratelimit-limit: 100
x-ratelimit-remaining: 97
x-ratelimit-reset: 1699111041
Timing-Allow-Origin: *
content-encoding: gzip
x-received-from: shard-prod-eu-west-1-3

{
    "id": "86bwbd1aw",
    "custom_id": null,
    "name": "t7VvBIFSQY",
    "text_content": "",
    "description": "",
    "status": {
        "id": "p90150266230_QsdOX8zZ",
        "status": "to do",
        "color": "#87909e",
        "orderindex": 0,
        "type": "open"
    },
    "orderindex": "39862634.00000000000000000000000000000000",
    "date_created": "1699110982077",
    "date_updated": "1699110982077",
    "date_closed": null,
    "date_done": null,
    "archived": false,
    "creator": {
        "id": 56594429,
        "username": "Kristel Juurik",
        "color": "",
        "email": "kristel.juurik@testdevlab.com",
        "profilePicture": null
    },
    "assignees": [
        
    ],
    "watchers": [
        {
            "id": 56594429,
            "username": "Kristel Juurik",
            "color": "",
            "initials": "KJ",
            "email": "kristel.juurik@testdevlab.com",
            "profilePicture": null
        }
    ],
    "checklists": [
        
    ],
    "tags": [
        
    ],
    "parent": null,
    "priority": null,
    "due_date": null,
    "start_date": null,
    "points": null,
    "time_estimate": null,
    "time_spent": 0,
    "custom_fields": [
        
    ],
    "dependencies": [
        
    ],
    "linked_tasks": [
        
    ],
    "locations": [
        
    ],
    "team_id": "9015119560",
    "url": "https://app.clickup.com/t/86bwbd1aw",
    "sharing": {
        "public": false,
        "public_share_expires_on": null,
        "public_fields": [
            "assignees",
            "priority",
            "due_date",
            "content",
            "comments",
            "attachments",
            "customFields",
            "subtasks",
            "tags",
            "checklists",
            "coverimage"
        ],
        "token": null,
        "seo_optimized": false
    },
    "permission_level": "create",
    "list": {
        "id": "901500704534",
        "name": "API List",
        "access": true
    },
    "project": {
        "id": "90150394541",
        "name": "API Tests",
        "hidden": false,
        "access": true
    },
    "folder": {
        "id": "90150394541",
        "name": "API Tests",
        "hidden": false,
        "access": true
    },
    "space": {
        "id": "90150266230"
    }
}
  &amp#27;[32mWhen &amp#27;[0m&amp#27;[32mI create a new task in the list&amp#27;[0m                             &amp#27;[90m# ClickUpAPI.stepDefinitions.ClickUpSteps.iCreateANewTaskInTheList()&amp#27;[0m
  &amp#27;[32mThen &amp#27;[0m&amp#27;[32mThe task is created with the correct name&amp#27;[0m                   &amp#27;[90m# ClickUpAPI.stepDefinitions.ClickUpSteps.theTaskIsCreatedWithTheCorrectName()&amp#27;[0m
HTTP/1.1 204 No Content
Date: Sat, 04 Nov 2023 15:16:22 GMT
Connection: keep-alive
Server: nginx
x-dns-prefetch-control: off
expect-ct: max-age=0
strict-transport-security: max-age=31536000; includeSubDomains
x-download-options: noopen
x-content-type-options: nosniff
x-permitted-cross-domain-policies: none
x-xss-protection: 0
access-control-allow-origin: *
access-control-allow-credentials: true
content-language: en-US
x-datadog-trace-id: 1440476677511797999
content-security-policy: frame-ancestors 'self'
cache-control: no-cache, no-store
pragma: no-cache
expires: 0
x-ratelimit-limit: 100
x-ratelimit-remaining: 96
x-ratelimit-reset: 1699111041
Timing-Allow-Origin: *
x-received-from: shard-prod-eu-west-1-3
  &amp#27;[32mThen &amp#27;[0m&amp#27;[32mI remove the task from the list&amp#27;[0m                             &amp#27;[90m# ClickUpAPI.stepDefinitions.ClickUpSteps.iRemoveTheTaskFromTheList()&amp#27;[0m
HTTP/1.1 200 OK
Date: Sat, 04 Nov 2023 15:16:23 GMT
Content-Type: application/json; charset=utf-8
Content-Length: 2
Connection: keep-alive
Server: nginx
x-dns-prefetch-control: off
expect-ct: max-age=0
strict-transport-security: max-age=31536000; includeSubDomains
x-download-options: noopen
x-content-type-options: nosniff
x-permitted-cross-domain-policies: none
x-xss-protection: 0
access-control-allow-origin: *
access-control-allow-credentials: true
content-language: en-US
x-datadog-trace-id: 6504160232075608017
content-security-policy: frame-ancestors 'self'
cache-control: no-cache, no-store
pragma: no-cache
expires: 0
x-ratelimit-limit: 100
x-ratelimit-remaining: 95
x-ratelimit-reset: 1699111041
Timing-Allow-Origin: *
x-received-from: shard-prod-eu-west-1-3

{
    
}
]]></system-out>
  </testcase>
</testsuite>